[90m18:10:59.188 [D] context:80           Create cache directory `C:\Users\James\Desktop\Interim\Assist\20260130m1slice1\2026-01-30Merge_npconv\2026-01-30Merge_npconvsc_.GUI\.phy`.[0m
[90m18:10:59.188 [D] context:80           Create cache directory `C:\Users\James\Desktop\Interim\Assist\20260130m1slice1\2026-01-30Merge_npconv\2026-01-30Merge_npconvsc_.GUI\.phy`.[0m
[90m18:10:59.265 [D] context:100          Initialize joblib cache dir at `C:\Users\James\Desktop\Interim\Assist\20260130m1slice1\2026-01-30Merge_npconv\2026-01-30Merge_npconvsc_.GUI\.phy`.[0m
[90m18:10:59.265 [D] context:100          Initialize joblib cache dir at `C:\Users\James\Desktop\Interim\Assist\20260130m1slice1\2026-01-30Merge_npconv\2026-01-30Merge_npconvsc_.GUI\.phy`.[0m
[90m18:10:59.265 [D] context:101          Reducing the size of the cache if needed.[0m
[90m18:10:59.265 [D] context:101          Reducing the size of the cache if needed.[0m
[90m18:10:59.266 [D] base:102             Add filter `high_pass`.[0m
[90m18:10:59.266 [D] base:102             Add filter `high_pass`.[0m
[90m18:10:59.267 [D] config:70            Creating default phy config file at `C:\Users\James\.phy\phy_config.py`.[0m
[90m18:10:59.267 [D] config:70            Creating default phy config file at `C:\Users\James\.phy\phy_config.py`.[0m
[90m18:10:59.268 [D] config:31            Load config file `C:\Users\James\.phy\phy_config.py`.[0m
[90m18:10:59.268 [D] config:31            Load config file `C:\Users\James\.phy\phy_config.py`.[0m
[90m18:10:59.270 [D] plugin:146           Loading 0 plugins.[0m
[90m18:10:59.270 [D] plugin:146           Loading 0 plugins.[0m
[90m18:10:59.276 [D] context:209          The file `C:\Users\James\Desktop\Interim\Assist\20260130m1slice1\2026-01-30Merge_npconv\2026-01-30Merge_npconvsc_.GUI\.phy\new_cluster_id.pkl` doesn't exist.[0m
[90m18:10:59.276 [D] context:209          The file `C:\Users\James\Desktop\Interim\Assist\20260130m1slice1\2026-01-30Merge_npconv\2026-01-30Merge_npconvsc_.GUI\.phy\new_cluster_id.pkl` doesn't exist.[0m
[90m18:10:59.276 [D] context:209          The file `C:\Users\James\Desktop\Interim\Assist\20260130m1slice1\2026-01-30Merge_npconv\2026-01-30Merge_npconvsc_.GUI\.phy\spikes_per_cluster.pkl` doesn't exist.[0m
[90m18:10:59.276 [D] context:209          The file `C:\Users\James\Desktop\Interim\Assist\20260130m1slice1\2026-01-30Merge_npconv\2026-01-30Merge_npconvsc_.GUI\.phy\spikes_per_cluster.pkl` doesn't exist.[0m
[90m18:10:59.277 [D] clustering:237       Recompute spikes_per_cluster manually: this might take a while.[0m
[90m18:10:59.277 [D] clustering:237       Recompute spikes_per_cluster manually: this might take a while.[0m
[90m18:10:59.278 [D] context:185          Save data to `C:\Users\James\Desktop\Interim\Assist\20260130m1slice1\2026-01-30Merge_npconv\2026-01-30Merge_npconvsc_.GUI\.phy\spikes_per_cluster.pkl`.[0m
[90m18:10:59.278 [D] context:185          Save data to `C:\Users\James\Desktop\Interim\Assist\20260130m1slice1\2026-01-30Merge_npconv\2026-01-30Merge_npconvsc_.GUI\.phy\spikes_per_cluster.pkl`.[0m
[90m18:10:59.280 [D] gui:463              Creating GUI.[0m
[90m18:10:59.280 [D] gui:463              Creating GUI.[0m
[90m18:10:59.292 [D] state:177            The GUI state file `C:\Users\James\.phy\TemplateGUI\state.json` doesn't exist, creating a default one...[0m
[90m18:10:59.292 [D] state:177            The GUI state file `C:\Users\James\.phy\TemplateGUI\state.json` doesn't exist, creating a default one...[0m
[0m18:10:59.292 [I] state:180            Copied C:\Users\James\.conda\envs\phy2\Lib\site-packages\phy\apps\template\static\state.json to C:\Users\James\.phy\TemplateGUI\state.json.[0m
[0m18:10:59.292 [I] state:180            Copied C:\Users\James\.conda\envs\phy2\Lib\site-packages\phy\apps\template\static\state.json to C:\Users\James\.phy\TemplateGUI\state.json.[0m
[90m18:10:59.293 [D] state:46             Load C:\Users\James\.phy\TemplateGUI\state.json for GUIState.[0m
[90m18:10:59.293 [D] state:46             Load C:\Users\James\.phy\TemplateGUI\state.json for GUIState.[0m
[90m18:10:59.669 [D] gui:718              Add view ClusterView to GUI.[0m
[90m18:10:59.669 [D] gui:718              Add view ClusterView to GUI.[0m
[90m18:10:59.679 [D] gui:718              Add view SimilarityView to GUI.[0m
[90m18:10:59.679 [D] gui:718              Add view SimilarityView to GUI.[0m
[90m18:10:59.715 [D] gui:718              Add view WaveformView to GUI.[0m
[90m18:10:59.715 [D] gui:718              Add view WaveformView to GUI.[0m
[90m18:10:59.719 [D] base:337             Set state for WaveformView.[0m
[90m18:10:59.719 [D] base:337             Set state for WaveformView.[0m
[90m18:10:59.743 [D] gui:718              Add view CorrelogramView to GUI.[0m
[90m18:10:59.743 [D] gui:718              Add view CorrelogramView to GUI.[0m
[90m18:10:59.748 [D] base:337             Set state for CorrelogramView.[0m
[90m18:10:59.748 [D] base:337             Set state for CorrelogramView.[0m
[90m18:10:59.777 [D] gui:718              Add view ISIView to GUI.[0m
[90m18:10:59.777 [D] gui:718              Add view ISIView to GUI.[0m
[90m18:10:59.779 [D] base:337             Set state for ISIView.[0m
[90m18:10:59.779 [D] base:337             Set state for ISIView.[0m
[90m18:10:59.791 [D] gui:718              Add view FeatureView to GUI.[0m
[90m18:10:59.791 [D] gui:718              Add view FeatureView to GUI.[0m
[90m18:10:59.793 [D] base:337             Set state for FeatureView.[0m
[90m18:10:59.793 [D] base:337             Set state for FeatureView.[0m
[90m18:10:59.814 [D] gui:718              Add view AmplitudeView to GUI.[0m
[90m18:10:59.814 [D] gui:718              Add view AmplitudeView to GUI.[0m
[90m18:10:59.817 [D] base:337             Set state for AmplitudeView.[0m
[90m18:10:59.817 [D] base:337             Set state for AmplitudeView.[0m
[90m18:10:59.839 [D] gui:718              Add view FiringRateView to GUI.[0m
[90m18:10:59.839 [D] gui:718              Add view FiringRateView to GUI.[0m
[90m18:10:59.841 [D] base:337             Set state for FiringRateView.[0m
[90m18:10:59.841 [D] base:337             Set state for FiringRateView.[0m
[90m18:10:59.931 [D] gui:718              Add view TraceView to GUI.[0m
[90m18:10:59.931 [D] gui:718              Add view TraceView to GUI.[0m
[90m18:10:59.934 [D] base:337             Set state for TraceView.[0m
[90m18:10:59.934 [D] base:337             Set state for TraceView.[0m
[90m18:10:59.934 [D] base:494             Set color scheme to depth.[0m
[90m18:10:59.934 [D] base:494             Set color scheme to depth.[0m
[90m18:10:59.952 [D] base:1626            Adding default color schemes to TraceView.[0m
[90m18:10:59.952 [D] base:1626            Adding default color schemes to TraceView.[0m
[90m18:10:59.987 [D] gui:718              Add view ProbeView to GUI.[0m
[90m18:10:59.987 [D] gui:718              Add view ProbeView to GUI.[0m
[90m18:10:59.989 [D] base:337             Set state for ProbeView.[0m
[90m18:10:59.989 [D] base:337             Set state for ProbeView.[0m
[33m18:10:59.991 [W] gui:671              Could not create view TemplateFeatureView.[0m
[33m18:10:59.991 [W] gui:671              Could not create view TemplateFeatureView.[0m
[90m18:11:00.010 [D] gui:718              Add view ClusterScatterView to GUI.[0m
[90m18:11:00.010 [D] gui:718              Add view ClusterScatterView to GUI.[0m
[90m18:11:00.012 [D] base:337             Set state for ClusterScatterView.[0m
[90m18:11:00.012 [D] base:337             Set state for ClusterScatterView.[0m
[90m18:11:00.012 [D] base:494             Set color scheme to firing_rate.[0m
[90m18:11:00.012 [D] base:494             Set color scheme to firing_rate.[0m
[90m18:11:00.013 [D] base:1626            Adding default color schemes to ClusterScatterView.[0m
[90m18:11:00.013 [D] base:1626            Adding default color schemes to ClusterScatterView.[0m
[90m18:11:00.496 [D] gui:519              Load the geometry state.[0m
[90m18:11:00.496 [D] gui:519              Load the geometry state.[0m
[90m18:11:07.916 [D] supervisor:817       Clusters selected: [4] (0)[0m
[90m18:11:07.916 [D] supervisor:817       Clusters selected: [4] (0)[0m
[90m18:11:09.832 [D] supervisor:817       Clusters selected: [0] (3)[0m
[90m18:11:09.832 [D] supervisor:817       Clusters selected: [0] (3)[0m
[90m18:11:11.267 [D] supervisor:817       Clusters selected: [3] (1)[0m
[90m18:11:11.267 [D] supervisor:817       Clusters selected: [3] (1)[0m
[90m18:11:12.308 [D] supervisor:817       Clusters selected: [1] (5)[0m
[90m18:11:12.308 [D] supervisor:817       Clusters selected: [1] (5)[0m
[90m18:11:13.316 [D] supervisor:817       Clusters selected: [5] (2)[0m
[90m18:11:13.316 [D] supervisor:817       Clusters selected: [5] (2)[0m
[90m18:11:14.435 [D] supervisor:817       Clusters selected: [2] (None)[0m
[90m18:11:14.435 [D] supervisor:817       Clusters selected: [2] (None)[0m
[90m18:11:18.570 [D] supervisor:817       Clusters selected: [0] (3)[0m
[90m18:11:18.570 [D] supervisor:817       Clusters selected: [0] (3)[0m
[90m18:11:19.481 [D] supervisor:817       Clusters selected: [4] (0)[0m
[90m18:11:19.481 [D] supervisor:817       Clusters selected: [4] (0)[0m
[90m18:11:21.300 [D] supervisor:817       Clusters selected: [0] (3)[0m
[90m18:11:21.300 [D] supervisor:817       Clusters selected: [0] (3)[0m
[90m18:11:22.340 [D] supervisor:817       Clusters selected: [3] (1)[0m
[90m18:11:22.340 [D] supervisor:817       Clusters selected: [3] (1)[0m
[90m18:11:23.380 [D] supervisor:817       Clusters selected: [1] (5)[0m
[90m18:11:23.380 [D] supervisor:817       Clusters selected: [1] (5)[0m
[90m18:11:24.860 [D] supervisor:817       Clusters selected: [5] (2)[0m
[90m18:11:24.860 [D] supervisor:817       Clusters selected: [5] (2)[0m
[90m18:11:25.474 [D] supervisor:817       Clusters selected: [2] (None)[0m
[90m18:11:25.474 [D] supervisor:817       Clusters selected: [2] (None)[0m
[90m18:13:38.898 [D] state:171            Update GUI state for ClusterView[0m
[90m18:13:38.898 [D] state:171            Update GUI state for ClusterView[0m
[90m18:13:38.914 [D] state:171            Update GUI state for WaveformView[0m
[90m18:13:38.914 [D] state:171            Update GUI state for WaveformView[0m
[90m18:13:38.914 [D] state:171            Update GUI state for CorrelogramView[0m
[90m18:13:38.914 [D] state:171            Update GUI state for CorrelogramView[0m
[90m18:13:38.914 [D] state:171            Update GUI state for ISIView[0m
[90m18:13:38.914 [D] state:171            Update GUI state for ISIView[0m
[90m18:13:38.914 [D] state:171            Update GUI state for FeatureView[0m
[90m18:13:38.914 [D] state:171            Update GUI state for FeatureView[0m
[90m18:13:38.914 [D] state:171            Update GUI state for AmplitudeView[0m
[90m18:13:38.914 [D] state:171            Update GUI state for AmplitudeView[0m
[90m18:13:38.914 [D] state:171            Update GUI state for FiringRateView[0m
[90m18:13:38.914 [D] state:171            Update GUI state for FiringRateView[0m
[90m18:13:38.919 [D] state:171            Update GUI state for TraceView[0m
[90m18:13:38.919 [D] state:171            Update GUI state for TraceView[0m
[90m18:13:38.919 [D] state:171            Update GUI state for ProbeView[0m
[90m18:13:38.919 [D] state:171            Update GUI state for ProbeView[0m
[90m18:13:38.919 [D] state:171            Update GUI state for ClusterScatterView[0m
[90m18:13:38.919 [D] state:171            Update GUI state for ClusterScatterView[0m
[90m18:13:38.919 [D] context:138          Save memcache for `phy.apps.base._get_mean_waveforms`.[0m
[90m18:13:38.919 [D] context:138          Save memcache for `phy.apps.base._get_mean_waveforms`.[0m
[90m18:13:38.919 [D] context:138          Save memcache for `phy.apps.base._get_template_waveforms`.[0m
[90m18:13:38.919 [D] context:138          Save memcache for `phy.apps.base._get_template_waveforms`.[0m
[90m18:13:38.923 [D] context:138          Save memcache for `phy.apps.base.get_mean_spike_template_amplitudes`.[0m
[90m18:13:38.923 [D] context:138          Save memcache for `phy.apps.base.get_mean_spike_template_amplitudes`.[0m
[90m18:13:38.924 [D] context:138          Save memcache for `phy.apps.base.get_template_counts`.[0m
[90m18:13:38.924 [D] context:138          Save memcache for `phy.apps.base.get_template_counts`.[0m
[90m18:13:38.926 [D] context:138          Save memcache for `phy.apps.base.get_template_for_cluster`.[0m
[90m18:13:38.926 [D] context:138          Save memcache for `phy.apps.base.get_template_for_cluster`.[0m
[90m18:13:38.926 [D] context:138          Save memcache for `phy.apps.template.gui.get_template_amplitude`.[0m
[90m18:13:38.926 [D] context:138          Save memcache for `phy.apps.template.gui.get_template_amplitude`.[0m
[90m18:13:38.926 [D] context:138          Save memcache for `phy.apps.base.get_cluster_amplitude`.[0m
[90m18:13:38.926 [D] context:138          Save memcache for `phy.apps.base.get_cluster_amplitude`.[0m
[90m18:13:38.931 [D] context:138          Save memcache for `phy.apps.base.get_mean_firing_rate`.[0m
[90m18:13:38.931 [D] context:138          Save memcache for `phy.apps.base.get_mean_firing_rate`.[0m
[90m18:13:38.931 [D] context:138          Save memcache for `phy.apps.base.get_best_channel`.[0m
[90m18:13:38.931 [D] context:138          Save memcache for `phy.apps.base.get_best_channel`.[0m
[90m18:13:38.934 [D] context:138          Save memcache for `phy.apps.template.gui.get_best_channels`.[0m
[90m18:13:38.934 [D] context:138          Save memcache for `phy.apps.template.gui.get_best_channels`.[0m
[90m18:13:38.934 [D] context:138          Save memcache for `phy.apps.base.get_channel_shank`.[0m
[90m18:13:38.934 [D] context:138          Save memcache for `phy.apps.base.get_channel_shank`.[0m
[90m18:13:38.937 [D] context:138          Save memcache for `phy.apps.base.get_probe_depth`.[0m
[90m18:13:38.937 [D] context:138          Save memcache for `phy.apps.base.get_probe_depth`.[0m
[90m18:13:38.937 [D] context:138          Save memcache for `phy.apps.base.peak_channel_similarity`.[0m
[90m18:13:38.937 [D] context:138          Save memcache for `phy.apps.base.peak_channel_similarity`.[0m
[90m18:13:38.939 [D] gui:600              Save the geometry state.[0m
[90m18:13:38.939 [D] gui:600              Save the geometry state.[0m
[90m18:13:38.939 [D] state:218            Save global GUI state to `C:\Users\James\.phy\TemplateGUI\state.json`.[0m
[90m18:13:38.939 [D] state:218            Save global GUI state to `C:\Users\James\.phy\TemplateGUI\state.json`.[0m
[90m18:13:38.944 [D] state:232            Save local GUI state to `C:\Users\James\Desktop\Interim\Assist\20260130m1slice1\2026-01-30Merge_npconv\2026-01-30Merge_npconvsc_.GUI\.phy\state.json`.[0m
[90m18:13:38.944 [D] state:232            Save local GUI state to `C:\Users\James\Desktop\Interim\Assist\20260130m1slice1\2026-01-30Merge_npconv\2026-01-30Merge_npconvsc_.GUI\.phy\state.json`.[0m
[90m18:13:39.074 [D] __init__:87          Stop capturing exceptions.[0m
[90m18:13:39.074 [D] __init__:87          Stop capturing exceptions.[0m
